08/08/2018 04:59:02 PM - LoginPage - INFO: Element Found with locator: ft-user-name and locator type is: class
08/08/2018 04:59:03 PM - LoginPage - INFO: Clicked on element with locator: ft-user-name and locator type: class
08/08/2018 04:59:06 PM - LoginPage - INFO: Element Found with locator: ft-auth-sign-in and locator type is: class
08/08/2018 04:59:07 PM - LoginPage - INFO: Clicked on element with locator: ft-auth-sign-in and locator type: class
08/08/2018 04:59:07 PM - LoginPage - INFO: Element Found with locator: registerEmail and locator type is: id
08/08/2018 04:59:07 PM - LoginPage - INFO: Send data on element with locator: registerEmail and locator type: id
08/08/2018 04:59:08 PM - LoginPage - INFO: Element Found with locator: registerButton and locator type is: id
08/08/2018 04:59:08 PM - LoginPage - INFO: Clicked on element with locator: registerButton and locator type: id
08/08/2018 04:59:08 PM - LoginPage - INFO: Element Found with locator: loginPassword and locator type is: id
08/08/2018 04:59:08 PM - LoginPage - INFO: Send data on element with locator: loginPassword and locator type: id
08/08/2018 04:59:09 PM - LoginPage - INFO: Element Found with locator: loginButton and locator type is: id
08/08/2018 04:59:09 PM - LoginPage - INFO: Clicked on element with locator: loginButton and locator type: id
08/08/2018 04:59:11 PM - LoginPage - INFO: Element Found with locator: errorMessageBox and locator type is: id
08/08/2018 04:59:11 PM - LoginPage - INFO: Element Found
08/08/2018 04:59:18 PM - LoginPage - INFO: Element not found with locator: ft-user-name and locator type is: class
08/08/2018 04:59:18 PM - LoginPage - INFO: Cannot click on the element with locator ft-user-name and locator type: class
08/08/2018 04:59:23 PM - LoginPage - INFO: Element not found with locator: ft-auth-sign-in and locator type is: class
08/08/2018 04:59:23 PM - LoginPage - INFO: Cannot click on the element with locator ft-auth-sign-in and locator type: class
08/08/2018 04:59:23 PM - LoginPage - INFO: Element Found with locator: registerEmail and locator type is: id
08/08/2018 04:59:23 PM - LoginPage - INFO: Send data on element with locator: registerEmail and locator type: id
08/08/2018 04:59:24 PM - LoginPage - INFO: Element Found with locator: registerButton and locator type is: id
08/08/2018 04:59:24 PM - LoginPage - INFO: Clicked on element with locator: registerButton and locator type: id
08/08/2018 04:59:24 PM - LoginPage - INFO: Element Found with locator: loginPassword and locator type is: id
08/08/2018 04:59:24 PM - LoginPage - INFO: Send data on element with locator: loginPassword and locator type: id
08/08/2018 04:59:25 PM - LoginPage - INFO: Element Found with locator: loginButton and locator type is: id
08/08/2018 04:59:25 PM - LoginPage - INFO: Clicked on element with locator: loginButton and locator type: id
08/08/2018 05:00:42 PM - LoginPage - INFO: Element Found with locator: ft-user-name and locator type is: class
08/08/2018 05:00:42 PM - LoginPage - INFO: Clicked on element with locator: ft-user-name and locator type: class
08/08/2018 05:00:42 PM - LoginPage - INFO: Element Found with locator: ft-auth-sign-in and locator type is: class
08/08/2018 05:00:43 PM - LoginPage - INFO: Clicked on element with locator: ft-auth-sign-in and locator type: class
08/08/2018 05:00:43 PM - LoginPage - INFO: Element Found with locator: registerEmail and locator type is: id
08/08/2018 05:00:43 PM - LoginPage - INFO: Send data on element with locator: registerEmail and locator type: id
08/08/2018 05:00:44 PM - LoginPage - INFO: Element Found with locator: registerButton and locator type is: id
08/08/2018 05:00:45 PM - LoginPage - INFO: Clicked on element with locator: registerButton and locator type: id
08/08/2018 05:00:45 PM - LoginPage - INFO: Element Found with locator: loginPassword and locator type is: id
08/08/2018 05:00:45 PM - LoginPage - INFO: Send data on element with locator: loginPassword and locator type: id
08/08/2018 05:00:46 PM - LoginPage - INFO: Element Found with locator: loginButton and locator type is: id
08/08/2018 05:00:46 PM - LoginPage - INFO: Clicked on element with locator: loginButton and locator type: id
08/08/2018 05:00:48 PM - LoginPage - INFO: Element Found with locator: errorMessageBox and locator type is: id
08/08/2018 05:00:48 PM - LoginPage - INFO: Element Found
08/08/2018 05:00:54 PM - LoginPage - INFO: Element not found with locator: ft-user-name and locator type is: class
08/08/2018 05:00:54 PM - LoginPage - INFO: Cannot click on the element with locator ft-user-name and locator type: class
08/08/2018 05:00:59 PM - LoginPage - INFO: Element not found with locator: ft-auth-sign-in and locator type is: class
08/08/2018 05:00:59 PM - LoginPage - INFO: Cannot click on the element with locator ft-auth-sign-in and locator type: class
08/08/2018 05:00:59 PM - LoginPage - INFO: Element Found with locator: registerEmail and locator type is: id
08/08/2018 05:00:59 PM - LoginPage - INFO: Send data on element with locator: registerEmail and locator type: id
08/08/2018 05:01:00 PM - LoginPage - INFO: Element Found with locator: registerButton and locator type is: id
08/08/2018 05:01:00 PM - LoginPage - INFO: Clicked on element with locator: registerButton and locator type: id
08/08/2018 05:01:00 PM - LoginPage - INFO: Element Found with locator: loginPassword and locator type is: id
08/08/2018 05:01:00 PM - LoginPage - INFO: Send data on element with locator: loginPassword and locator type: id
08/08/2018 05:01:01 PM - LoginPage - INFO: Element Found with locator: loginButton and locator type is: id
08/08/2018 05:01:02 PM - LoginPage - INFO: Clicked on element with locator: loginButton and locator type: id
08/08/2018 05:03:32 PM - LoginPage - INFO: Element Found with locator: ft-user-name and locator type is: class
08/08/2018 05:03:33 PM - LoginPage - INFO: Clicked on element with locator: ft-user-name and locator type: class
08/08/2018 05:03:33 PM - LoginPage - INFO: Element Found with locator: ft-auth-sign-in and locator type is: class
08/08/2018 05:03:34 PM - LoginPage - INFO: Clicked on element with locator: ft-auth-sign-in and locator type: class
08/08/2018 05:03:34 PM - LoginPage - INFO: Element Found with locator: registerEmail and locator type is: id
08/08/2018 05:03:34 PM - LoginPage - INFO: Send data on element with locator: registerEmail and locator type: id
08/08/2018 05:03:35 PM - LoginPage - INFO: Element Found with locator: registerButton and locator type is: id
08/08/2018 05:03:36 PM - LoginPage - INFO: Clicked on element with locator: registerButton and locator type: id
08/08/2018 05:03:36 PM - LoginPage - INFO: Element Found with locator: loginPassword and locator type is: id
08/08/2018 05:03:36 PM - LoginPage - INFO: Send data on element with locator: loginPassword and locator type: id
08/08/2018 05:03:37 PM - LoginPage - INFO: Element Found with locator: loginButton and locator type is: id
08/08/2018 05:03:37 PM - LoginPage - INFO: Clicked on element with locator: loginButton and locator type: id
08/08/2018 05:03:39 PM - LoginPage - INFO: Element Found with locator: errorMessageBox and locator type is: id
08/08/2018 05:03:39 PM - LoginPage - INFO: Element Found
08/08/2018 05:03:45 PM - LoginPage - INFO: Element not found with locator: ft-user-name and locator type is: class
08/08/2018 05:03:45 PM - LoginPage - INFO: Cannot click on the element with locator ft-user-name and locator type: class
08/08/2018 05:03:50 PM - LoginPage - INFO: Element not found with locator: ft-auth-sign-in and locator type is: class
08/08/2018 05:03:50 PM - LoginPage - INFO: Cannot click on the element with locator ft-auth-sign-in and locator type: class
08/08/2018 05:03:50 PM - LoginPage - INFO: Element Found with locator: registerEmail and locator type is: id
08/08/2018 05:03:50 PM - LoginPage - INFO: Send data on element with locator: registerEmail and locator type: id
08/08/2018 05:03:51 PM - LoginPage - INFO: Element Found with locator: registerButton and locator type is: id
08/08/2018 05:03:51 PM - LoginPage - INFO: Clicked on element with locator: registerButton and locator type: id
08/08/2018 05:03:51 PM - LoginPage - INFO: Element Found with locator: loginPassword and locator type is: id
08/08/2018 05:03:51 PM - LoginPage - INFO: Send data on element with locator: loginPassword and locator type: id
08/08/2018 05:03:52 PM - LoginPage - INFO: Element Found with locator: loginButton and locator type is: id
08/08/2018 05:03:52 PM - LoginPage - INFO: Clicked on element with locator: loginButton and locator type: id
08/09/2018 02:17:31 PM - LoginPage - INFO: Element Found with locator: ft-user-name and locator type is: class
08/09/2018 02:17:33 PM - LoginPage - INFO: Clicked on element with locator: ft-user-name and locator type: class
08/09/2018 02:17:33 PM - LoginPage - INFO: Element Found with locator: ft-auth-sign-in and locator type is: class
08/09/2018 02:17:34 PM - LoginPage - INFO: Clicked on element with locator: ft-auth-sign-in and locator type: class
08/09/2018 02:17:34 PM - LoginPage - INFO: Element Found with locator: registerEmail and locator type is: id
08/09/2018 02:17:34 PM - LoginPage - INFO: Send data on element with locator: registerEmail and locator type: id
08/09/2018 02:17:35 PM - LoginPage - INFO: Element Found with locator: registerButton and locator type is: id
08/09/2018 02:17:35 PM - LoginPage - INFO: Clicked on element with locator: registerButton and locator type: id
08/09/2018 02:17:35 PM - LoginPage - INFO: Element Found with locator: loginPassword and locator type is: id
08/09/2018 02:17:35 PM - LoginPage - INFO: Send data on element with locator: loginPassword and locator type: id
08/09/2018 02:17:36 PM - LoginPage - INFO: Element Found with locator: loginButton and locator type is: id
08/09/2018 02:17:36 PM - LoginPage - INFO: Clicked on element with locator: loginButton and locator type: id
08/09/2018 02:17:38 PM - LoginPage - INFO: Element Found with locator: errorMessageBox and locator type is: id
08/09/2018 02:17:38 PM - LoginPage - INFO: Element Found
08/09/2018 02:17:44 PM - LoginPage - INFO: Element not found with locator: ft-user-name and locator type is: class
08/09/2018 02:17:44 PM - LoginPage - INFO: Cannot click on the element with locator ft-user-name and locator type: class
08/09/2018 02:17:49 PM - LoginPage - INFO: Element not found with locator: ft-auth-sign-in and locator type is: class
08/09/2018 02:17:49 PM - LoginPage - INFO: Cannot click on the element with locator ft-auth-sign-in and locator type: class
08/09/2018 02:17:50 PM - LoginPage - INFO: Element Found with locator: registerEmail and locator type is: id
08/09/2018 02:17:50 PM - LoginPage - INFO: Send data on element with locator: registerEmail and locator type: id
08/09/2018 02:17:51 PM - LoginPage - INFO: Element Found with locator: registerButton and locator type is: id
08/09/2018 02:17:51 PM - LoginPage - INFO: Clicked on element with locator: registerButton and locator type: id
08/09/2018 02:17:51 PM - LoginPage - INFO: Element Found with locator: loginPassword and locator type is: id
08/09/2018 02:17:51 PM - LoginPage - INFO: Send data on element with locator: loginPassword and locator type: id
08/09/2018 02:17:52 PM - LoginPage - INFO: Element Found with locator: loginButton and locator type is: id
08/09/2018 02:17:52 PM - LoginPage - INFO: Clicked on element with locator: loginButton and locator type: id
08/10/2018 10:51:16 AM - LoginPage - INFO: Element Found with locator: ft-user-name and locator type is: class
08/10/2018 10:51:16 AM - LoginPage - INFO: Clicked on element with locator: ft-user-name and locator type: class
08/10/2018 10:51:16 AM - LoginPage - INFO: Element Found with locator: ft-auth-sign-in and locator type is: class
08/10/2018 10:51:17 AM - LoginPage - INFO: Clicked on element with locator: ft-auth-sign-in and locator type: class
08/10/2018 10:51:17 AM - LoginPage - INFO: Element Found with locator: registerEmail and locator type is: id
08/10/2018 10:51:17 AM - LoginPage - INFO: Send data on element with locator: registerEmail and locator type: id
08/10/2018 10:51:18 AM - LoginPage - INFO: Element Found with locator: registerButton and locator type is: id
08/10/2018 10:51:19 AM - LoginPage - INFO: Clicked on element with locator: registerButton and locator type: id
08/10/2018 10:51:19 AM - LoginPage - INFO: Element Found with locator: loginPassword and locator type is: id
08/10/2018 10:51:19 AM - LoginPage - INFO: Send data on element with locator: loginPassword and locator type: id
08/10/2018 10:51:20 AM - LoginPage - INFO: Element Found with locator: loginButton and locator type is: id
08/10/2018 10:51:20 AM - LoginPage - INFO: Clicked on element with locator: loginButton and locator type: id
08/10/2018 10:51:22 AM - LoginPage - INFO: Element Found with locator: ft-user-name and locator type is: class
08/10/2018 10:51:22 AM - LoginPage - INFO: Clicked on element with locator: ft-user-name and locator type: class
08/10/2018 10:51:27 AM - LoginPage - INFO: Element not found with locator: ft-auth-sign-in and locator type is: class
08/10/2018 10:51:27 AM - LoginPage - INFO: Cannot click on the element with locator ft-auth-sign-in and locator type: class
08/10/2018 10:51:32 AM - LoginPage - INFO: Element not found with locator: registerEmail and locator type is: id
08/10/2018 10:51:32 AM - LoginPage - INFO: Cannot send data on the element with locator registerEmail and locator type: id
08/10/2018 10:51:38 AM - LoginPage - INFO: Element not found with locator: registerButton and locator type is: id
08/10/2018 10:51:38 AM - LoginPage - INFO: Cannot click on the element with locator registerButton and locator type: id
08/10/2018 10:51:43 AM - LoginPage - INFO: Element not found with locator: loginPassword and locator type is: id
08/10/2018 10:51:43 AM - LoginPage - INFO: Cannot send data on the element with locator loginPassword and locator type: id
08/10/2018 10:51:49 AM - LoginPage - INFO: Element not found with locator: loginButton and locator type is: id
08/10/2018 10:51:49 AM - LoginPage - INFO: Cannot click on the element with locator loginButton and locator type: id
08/10/2018 10:51:53 AM - LoginPage - INFO: Element not found with locator: errorMessageBox and locator type is: id
08/10/2018 10:51:53 AM - LoginPage - INFO: Element not found
08/10/2018 10:51:53 AM - LoginPage - INFO: Element not found with locator: ft-user-name and locator type is: class
08/10/2018 10:51:53 AM - LoginPage - INFO: Cannot click on the element with locator ft-user-name and locator type: class
08/10/2018 10:51:53 AM - LoginPage - INFO: Element not found with locator: ft-auth-sign-in and locator type is: class
08/10/2018 10:51:53 AM - LoginPage - INFO: Cannot click on the element with locator ft-auth-sign-in and locator type: class
08/10/2018 10:51:53 AM - LoginPage - INFO: Element not found with locator: registerEmail and locator type is: id
08/10/2018 10:51:53 AM - LoginPage - INFO: Cannot send data on the element with locator registerEmail and locator type: id
08/10/2018 10:51:54 AM - LoginPage - INFO: Element not found with locator: registerButton and locator type is: id
08/10/2018 10:51:54 AM - LoginPage - INFO: Cannot click on the element with locator registerButton and locator type: id
08/10/2018 10:51:54 AM - LoginPage - INFO: Element not found with locator: loginPassword and locator type is: id
08/10/2018 10:51:54 AM - LoginPage - INFO: Cannot send data on the element with locator loginPassword and locator type: id
08/10/2018 10:51:55 AM - LoginPage - INFO: Element not found with locator: loginButton and locator type is: id
08/10/2018 10:51:55 AM - LoginPage - INFO: Cannot click on the element with locator loginButton and locator type: id
08/10/2018 10:52:16 AM - LoginPage - INFO: Element Found with locator: ft-user-name and locator type is: class
08/10/2018 10:52:17 AM - LoginPage - INFO: Clicked on element with locator: ft-user-name and locator type: class
08/10/2018 10:52:17 AM - LoginPage - INFO: Element Found with locator: ft-auth-sign-in and locator type is: class
08/10/2018 10:52:18 AM - LoginPage - INFO: Clicked on element with locator: ft-auth-sign-in and locator type: class
08/10/2018 10:52:18 AM - LoginPage - INFO: Element Found with locator: registerEmail and locator type is: id
08/10/2018 10:52:18 AM - LoginPage - INFO: Send data on element with locator: registerEmail and locator type: id
08/10/2018 10:52:19 AM - LoginPage - INFO: Element Found with locator: registerButton and locator type is: id
08/10/2018 10:52:19 AM - LoginPage - INFO: Clicked on element with locator: registerButton and locator type: id
08/10/2018 10:52:19 AM - LoginPage - INFO: Element Found with locator: loginPassword and locator type is: id
08/10/2018 10:52:19 AM - LoginPage - INFO: Send data on element with locator: loginPassword and locator type: id
08/10/2018 10:52:20 AM - LoginPage - INFO: Element Found with locator: loginButton and locator type is: id
08/10/2018 10:52:20 AM - LoginPage - INFO: Clicked on element with locator: loginButton and locator type: id
08/10/2018 10:52:22 AM - LoginPage - INFO: Element Found with locator: ft-user-name and locator type is: class
08/10/2018 10:52:23 AM - LoginPage - INFO: Clicked on element with locator: ft-user-name and locator type: class
08/10/2018 10:52:28 AM - LoginPage - INFO: Element not found with locator: ft-auth-sign-in and locator type is: class
08/10/2018 10:52:28 AM - LoginPage - INFO: Cannot click on the element with locator ft-auth-sign-in and locator type: class
08/10/2018 10:52:33 AM - LoginPage - INFO: Element not found with locator: registerEmail and locator type is: id
08/10/2018 10:52:33 AM - LoginPage - INFO: Cannot send data on the element with locator registerEmail and locator type: id
08/10/2018 10:52:39 AM - LoginPage - INFO: Element not found with locator: registerButton and locator type is: id
08/10/2018 10:52:39 AM - LoginPage - INFO: Cannot click on the element with locator registerButton and locator type: id
08/10/2018 10:52:44 AM - LoginPage - INFO: Element not found with locator: loginPassword and locator type is: id
08/10/2018 10:52:44 AM - LoginPage - INFO: Cannot send data on the element with locator loginPassword and locator type: id
08/10/2018 10:52:50 AM - LoginPage - INFO: Element not found with locator: loginButton and locator type is: id
08/10/2018 10:52:50 AM - LoginPage - INFO: Cannot click on the element with locator loginButton and locator type: id
08/10/2018 10:52:57 AM - LoginPage - INFO: Element not found with locator: errorMessageBox and locator type is: id
08/10/2018 10:52:57 AM - LoginPage - INFO: Element not found
08/10/2018 10:52:57 AM - LoginPage - INFO: Element Found with locator: ft-user-name and locator type is: class
08/10/2018 10:52:57 AM - LoginPage - INFO: Clicked on element with locator: ft-user-name and locator type: class
08/10/2018 10:53:02 AM - LoginPage - INFO: Element not found with locator: ft-auth-sign-in and locator type is: class
08/10/2018 10:53:02 AM - LoginPage - INFO: Cannot click on the element with locator ft-auth-sign-in and locator type: class
08/10/2018 10:53:07 AM - LoginPage - INFO: Element not found with locator: registerEmail and locator type is: id
08/10/2018 10:53:07 AM - LoginPage - INFO: Cannot send data on the element with locator registerEmail and locator type: id
08/10/2018 10:53:13 AM - LoginPage - INFO: Element not found with locator: registerButton and locator type is: id
08/10/2018 10:53:13 AM - LoginPage - INFO: Cannot click on the element with locator registerButton and locator type: id
08/10/2018 10:53:18 AM - LoginPage - INFO: Element not found with locator: loginPassword and locator type is: id
08/10/2018 10:53:18 AM - LoginPage - INFO: Cannot send data on the element with locator loginPassword and locator type: id
08/10/2018 10:53:24 AM - LoginPage - INFO: Element not found with locator: loginButton and locator type is: id
08/10/2018 10:53:24 AM - LoginPage - INFO: Cannot click on the element with locator loginButton and locator type: id
08/10/2018 11:23:41 AM - LoginPage - INFO: Element Found with locator: ft-user-name and locator type is: class
08/10/2018 11:23:42 AM - LoginPage - INFO: Clicked on element with locator: ft-user-name and locator type: class
08/10/2018 11:23:42 AM - LoginPage - INFO: Element Found with locator: ft-auth-sign-in and locator type is: class
08/10/2018 11:23:43 AM - LoginPage - INFO: Clicked on element with locator: ft-auth-sign-in and locator type: class
08/10/2018 11:23:43 AM - LoginPage - INFO: Element Found with locator: registerEmail and locator type is: id
08/10/2018 11:23:43 AM - LoginPage - INFO: Send data on element with locator: registerEmail and locator type: id
08/10/2018 11:23:44 AM - LoginPage - INFO: Element Found with locator: registerButton and locator type is: id
08/10/2018 11:23:44 AM - LoginPage - INFO: Clicked on element with locator: registerButton and locator type: id
08/10/2018 11:23:44 AM - LoginPage - INFO: Element Found with locator: loginPassword and locator type is: id
08/10/2018 11:23:44 AM - LoginPage - INFO: Send data on element with locator: loginPassword and locator type: id
08/10/2018 11:23:45 AM - LoginPage - INFO: Element Found with locator: loginButton and locator type is: id
08/10/2018 11:23:45 AM - LoginPage - INFO: Clicked on element with locator: loginButton and locator type: id
08/10/2018 11:23:47 AM - LoginPage - INFO: Element Found with locator: ft-user-name and locator type is: class
08/10/2018 11:23:48 AM - LoginPage - INFO: Clicked on element with locator: ft-user-name and locator type: class
08/10/2018 11:23:53 AM - LoginPage - INFO: Element not found with locator: ft-auth-sign-in and locator type is: class
08/10/2018 11:23:53 AM - LoginPage - INFO: Cannot click on the element with locator ft-auth-sign-in and locator type: class
08/10/2018 11:23:58 AM - LoginPage - INFO: Element not found with locator: registerEmail and locator type is: id
08/10/2018 11:23:58 AM - LoginPage - INFO: Cannot send data on the element with locator registerEmail and locator type: id
08/10/2018 11:24:04 AM - LoginPage - INFO: Element not found with locator: registerButton and locator type is: id
08/10/2018 11:24:04 AM - LoginPage - INFO: Cannot click on the element with locator registerButton and locator type: id
08/10/2018 11:24:09 AM - LoginPage - INFO: Element not found with locator: loginPassword and locator type is: id
08/10/2018 11:24:09 AM - LoginPage - INFO: Cannot send data on the element with locator loginPassword and locator type: id
08/10/2018 11:24:15 AM - LoginPage - INFO: Element not found with locator: loginButton and locator type is: id
08/10/2018 11:24:15 AM - LoginPage - INFO: Cannot click on the element with locator loginButton and locator type: id
08/10/2018 11:24:22 AM - LoginPage - INFO: Element not found with locator: errorMessageBox and locator type is: id
08/10/2018 11:24:22 AM - LoginPage - INFO: Element not found
08/10/2018 11:24:22 AM - LoginPage - INFO: Element Found with locator: ft-user-name and locator type is: class
08/10/2018 11:24:22 AM - LoginPage - INFO: Clicked on element with locator: ft-user-name and locator type: class
08/10/2018 11:24:27 AM - LoginPage - INFO: Element not found with locator: ft-auth-sign-in and locator type is: class
08/10/2018 11:24:27 AM - LoginPage - INFO: Cannot click on the element with locator ft-auth-sign-in and locator type: class
08/10/2018 11:24:32 AM - LoginPage - INFO: Element not found with locator: registerEmail and locator type is: id
08/10/2018 11:24:32 AM - LoginPage - INFO: Cannot send data on the element with locator registerEmail and locator type: id
08/10/2018 11:24:38 AM - LoginPage - INFO: Element not found with locator: registerButton and locator type is: id
08/10/2018 11:24:38 AM - LoginPage - INFO: Cannot click on the element with locator registerButton and locator type: id
08/10/2018 11:24:43 AM - LoginPage - INFO: Element not found with locator: loginPassword and locator type is: id
08/10/2018 11:24:43 AM - LoginPage - INFO: Cannot send data on the element with locator loginPassword and locator type: id
08/10/2018 11:24:49 AM - LoginPage - INFO: Element not found with locator: loginButton and locator type is: id
08/10/2018 11:24:49 AM - LoginPage - INFO: Cannot click on the element with locator loginButton and locator type: id
08/10/2018 11:44:08 AM - LoginPage - INFO: Element not found with locator: ft-user-name and locator type is: class
08/10/2018 11:44:08 AM - LoginPage - INFO: Cannot click on the element with locator ft-user-name and locator type: class
08/10/2018 11:44:13 AM - LoginPage - INFO: Element not found with locator: ft-auth-sign-in and locator type is: class
08/10/2018 11:44:13 AM - LoginPage - INFO: Cannot click on the element with locator ft-auth-sign-in and locator type: class
08/10/2018 11:44:18 AM - LoginPage - INFO: Element not found with locator: registerEmail and locator type is: id
08/10/2018 11:44:18 AM - LoginPage - INFO: Cannot send data on the element with locator registerEmail and locator type: id
08/10/2018 11:44:24 AM - LoginPage - INFO: Element not found with locator: registerButton and locator type is: id
08/10/2018 11:44:24 AM - LoginPage - INFO: Cannot click on the element with locator registerButton and locator type: id
08/10/2018 11:44:29 AM - LoginPage - INFO: Element not found with locator: loginPassword and locator type is: id
08/10/2018 11:44:29 AM - LoginPage - INFO: Cannot send data on the element with locator loginPassword and locator type: id
08/10/2018 11:44:35 AM - LoginPage - INFO: Element not found with locator: loginButton and locator type is: id
08/10/2018 11:44:35 AM - LoginPage - INFO: Cannot click on the element with locator loginButton and locator type: id
08/10/2018 11:44:37 AM - LoginTests - INFO: *#*#*#*#*#*#*#*#*#*#*#*#*#*#*#*#*#*#*#*#
08/10/2018 11:44:42 AM - LoginPage - INFO: Element not found with locator: ft-user-name and locator type is: class
08/10/2018 11:44:42 AM - LoginPage - INFO: Cannot click on the element with locator ft-user-name and locator type: class
08/10/2018 11:44:47 AM - LoginPage - INFO: Element not found with locator: ft-auth-sign-in and locator type is: class
08/10/2018 11:44:47 AM - LoginPage - INFO: Cannot click on the element with locator ft-auth-sign-in and locator type: class
08/10/2018 11:44:52 AM - LoginPage - INFO: Element not found with locator: registerEmail and locator type is: id
08/10/2018 11:44:52 AM - LoginPage - INFO: Cannot send data on the element with locator registerEmail and locator type: id
08/10/2018 11:44:58 AM - LoginPage - INFO: Element not found with locator: registerButton and locator type is: id
08/10/2018 11:44:58 AM - LoginPage - INFO: Cannot click on the element with locator registerButton and locator type: id
08/10/2018 11:45:03 AM - LoginPage - INFO: Element not found with locator: loginPassword and locator type is: id
08/10/2018 11:45:03 AM - LoginPage - INFO: Cannot send data on the element with locator loginPassword and locator type: id
08/10/2018 11:45:09 AM - LoginPage - INFO: Element not found with locator: loginButton and locator type is: id
08/10/2018 11:45:09 AM - LoginPage - INFO: Cannot click on the element with locator loginButton and locator type: id
08/10/2018 11:45:11 AM - LoginTests - INFO: *#*#*#*#*#*#*#*#*#*#*#*#*#*#*#*#*#*#*#*#
08/10/2018 11:45:16 AM - LoginPage - INFO: Element not found with locator: errorMessageBox and locator type is: id
08/10/2018 11:45:16 AM - LoginPage - INFO: Element not found
08/10/2018 11:45:16 AM - LoginTests - INFO: *#*#*#*#*#*#*#*#*#*#*#*#*#*#*#*#*#*#*#*#
08/10/2018 11:45:16 AM - LoginTests - INFO: test_t1invalidLogin started
08/10/2018 11:45:16 AM - LoginTests - INFO: *#*#*#*#*#*#*#*#*#*#*#*#*#*#*#*#*#*#*#*#
08/10/2018 11:45:21 AM - LoginPage - INFO: Element not found with locator: ft-user-name and locator type is: class
08/10/2018 11:45:21 AM - LoginPage - INFO: Cannot click on the element with locator ft-user-name and locator type: class
08/10/2018 11:45:26 AM - LoginPage - INFO: Element not found with locator: ft-auth-sign-in and locator type is: class
08/10/2018 11:45:26 AM - LoginPage - INFO: Cannot click on the element with locator ft-auth-sign-in and locator type: class
08/10/2018 11:45:31 AM - LoginPage - INFO: Element not found with locator: registerEmail and locator type is: id
08/10/2018 11:45:31 AM - LoginPage - INFO: Cannot send data on the element with locator registerEmail and locator type: id
08/10/2018 11:45:37 AM - LoginPage - INFO: Element not found with locator: registerButton and locator type is: id
08/10/2018 11:45:37 AM - LoginPage - INFO: Cannot click on the element with locator registerButton and locator type: id
08/10/2018 11:45:42 AM - LoginPage - INFO: Element not found with locator: loginPassword and locator type is: id
08/10/2018 11:45:42 AM - LoginPage - INFO: Cannot send data on the element with locator loginPassword and locator type: id
08/10/2018 11:45:48 AM - LoginPage - INFO: Element not found with locator: loginButton and locator type is: id
08/10/2018 11:45:48 AM - LoginPage - INFO: Cannot click on the element with locator loginButton and locator type: id
08/10/2018 11:45:50 AM - TestStatus - ERROR: ### VERIFICATION FAILED :: + Title Verification
08/10/2018 11:45:50 AM - TestStatus - ERROR: ### Exception Occurred !!!
08/10/2018 11:47:14 AM - LoginPage - INFO: Element Found with locator: ft-user-name and locator type is: class
08/10/2018 11:47:15 AM - LoginPage - INFO: Clicked on element with locator: ft-user-name and locator type: class
08/10/2018 11:47:15 AM - LoginPage - INFO: Element Found with locator: ft-auth-sign-in and locator type is: class
08/10/2018 11:47:16 AM - LoginPage - INFO: Clicked on element with locator: ft-auth-sign-in and locator type: class
08/10/2018 11:47:16 AM - LoginPage - INFO: Element Found with locator: registerEmail and locator type is: id
08/10/2018 11:47:16 AM - LoginPage - INFO: Send data on element with locator: registerEmail and locator type: id
08/10/2018 11:47:17 AM - LoginPage - INFO: Element Found with locator: registerButton and locator type is: id
08/10/2018 11:47:17 AM - LoginPage - INFO: Clicked on element with locator: registerButton and locator type: id
08/10/2018 11:47:17 AM - LoginPage - INFO: Element Found with locator: loginPassword and locator type is: id
08/10/2018 11:47:17 AM - LoginPage - INFO: Send data on element with locator: loginPassword and locator type: id
08/10/2018 11:47:18 AM - LoginPage - INFO: Element Found with locator: loginButton and locator type is: id
08/10/2018 11:47:18 AM - LoginPage - INFO: Clicked on element with locator: loginButton and locator type: id
08/10/2018 11:47:20 AM - LoginPage - INFO: Element Found with locator: ft-user-name and locator type is: class
08/10/2018 11:47:21 AM - LoginPage - INFO: Clicked on element with locator: ft-user-name and locator type: class
08/10/2018 11:47:26 AM - LoginPage - INFO: Element not found with locator: ft-auth-sign-in and locator type is: class
08/10/2018 11:47:26 AM - LoginPage - INFO: Cannot click on the element with locator ft-auth-sign-in and locator type: class
08/10/2018 11:47:31 AM - LoginPage - INFO: Element not found with locator: registerEmail and locator type is: id
08/10/2018 11:47:31 AM - LoginPage - INFO: Cannot send data on the element with locator registerEmail and locator type: id
08/10/2018 11:47:37 AM - LoginPage - INFO: Element not found with locator: registerButton and locator type is: id
08/10/2018 11:47:37 AM - LoginPage - INFO: Cannot click on the element with locator registerButton and locator type: id
08/10/2018 11:47:42 AM - LoginPage - INFO: Element not found with locator: loginPassword and locator type is: id
08/10/2018 11:47:42 AM - LoginPage - INFO: Cannot send data on the element with locator loginPassword and locator type: id
08/10/2018 11:47:48 AM - LoginPage - INFO: Element not found with locator: loginButton and locator type is: id
08/10/2018 11:47:48 AM - LoginPage - INFO: Cannot click on the element with locator loginButton and locator type: id
08/10/2018 11:47:55 AM - LoginPage - INFO: Element not found with locator: errorMessageBox and locator type is: id
08/10/2018 11:47:55 AM - LoginPage - INFO: Element not found
08/10/2018 11:47:55 AM - LoginPage - INFO: Element Found with locator: ft-user-name and locator type is: class
08/10/2018 11:47:55 AM - LoginPage - INFO: Clicked on element with locator: ft-user-name and locator type: class
08/10/2018 11:48:00 AM - LoginPage - INFO: Element not found with locator: ft-auth-sign-in and locator type is: class
08/10/2018 11:48:00 AM - LoginPage - INFO: Cannot click on the element with locator ft-auth-sign-in and locator type: class
08/10/2018 11:48:05 AM - LoginPage - INFO: Element not found with locator: registerEmail and locator type is: id
08/10/2018 11:48:05 AM - LoginPage - INFO: Cannot send data on the element with locator registerEmail and locator type: id
08/10/2018 11:48:11 AM - LoginPage - INFO: Element not found with locator: registerButton and locator type is: id
08/10/2018 11:48:11 AM - LoginPage - INFO: Cannot click on the element with locator registerButton and locator type: id
08/10/2018 11:48:16 AM - LoginPage - INFO: Element not found with locator: loginPassword and locator type is: id
08/10/2018 11:48:16 AM - LoginPage - INFO: Cannot send data on the element with locator loginPassword and locator type: id
08/10/2018 11:48:22 AM - LoginPage - INFO: Element not found with locator: loginButton and locator type is: id
08/10/2018 11:48:22 AM - LoginPage - INFO: Cannot click on the element with locator loginButton and locator type: id
08/10/2018 11:51:06 AM - LoginPage - INFO: Element Found with locator: ft-user-name and locator type is: class
08/10/2018 11:51:06 AM - LoginPage - INFO: Clicked on element with locator: ft-user-name and locator type: class
08/10/2018 11:51:06 AM - LoginPage - INFO: Element Found with locator: ft-auth-sign-in and locator type is: class
08/10/2018 11:51:07 AM - LoginPage - INFO: Clicked on element with locator: ft-auth-sign-in and locator type: class
08/10/2018 11:51:07 AM - LoginPage - INFO: Element Found with locator: registerEmail and locator type is: id
08/10/2018 11:51:07 AM - LoginPage - INFO: Send data on element with locator: registerEmail and locator type: id
08/10/2018 11:51:08 AM - LoginPage - INFO: Element Found with locator: registerButton and locator type is: id
08/10/2018 11:51:08 AM - LoginPage - INFO: Clicked on element with locator: registerButton and locator type: id
08/10/2018 11:51:08 AM - LoginPage - INFO: Element Found with locator: loginPassword and locator type is: id
08/10/2018 11:51:08 AM - LoginPage - INFO: Send data on element with locator: loginPassword and locator type: id
08/10/2018 11:51:09 AM - LoginPage - INFO: Element Found with locator: loginButton and locator type is: id
08/10/2018 11:51:10 AM - LoginPage - INFO: Clicked on element with locator: loginButton and locator type: id
08/10/2018 11:51:12 AM - LoginPage - INFO: Element Found with locator: ft-user-name and locator type is: class
08/10/2018 11:51:12 AM - LoginPage - INFO: Clicked on element with locator: ft-user-name and locator type: class
08/10/2018 11:51:17 AM - LoginPage - INFO: Element not found with locator: ft-auth-sign-in and locator type is: class
08/10/2018 11:51:17 AM - LoginPage - INFO: Cannot click on the element with locator ft-auth-sign-in and locator type: class
08/10/2018 11:51:22 AM - LoginPage - INFO: Element not found with locator: registerEmail and locator type is: id
08/10/2018 11:51:22 AM - LoginPage - INFO: Cannot send data on the element with locator registerEmail and locator type: id
08/10/2018 11:51:28 AM - LoginPage - INFO: Element not found with locator: registerButton and locator type is: id
08/10/2018 11:51:28 AM - LoginPage - INFO: Cannot click on the element with locator registerButton and locator type: id
08/10/2018 11:51:33 AM - LoginPage - INFO: Element not found with locator: loginPassword and locator type is: id
08/10/2018 11:51:33 AM - LoginPage - INFO: Cannot send data on the element with locator loginPassword and locator type: id
08/10/2018 11:51:39 AM - LoginPage - INFO: Element not found with locator: loginButton and locator type is: id
08/10/2018 11:51:39 AM - LoginPage - INFO: Cannot click on the element with locator loginButton and locator type: id
08/10/2018 11:51:46 AM - LoginPage - INFO: Element not found with locator: errorMessageBox and locator type is: id
08/10/2018 11:51:46 AM - LoginPage - INFO: Element not found
08/10/2018 11:51:46 AM - LoginPage - INFO: Element Found with locator: ft-user-name and locator type is: class
08/10/2018 11:51:46 AM - LoginPage - INFO: Clicked on element with locator: ft-user-name and locator type: class
08/10/2018 11:51:51 AM - LoginPage - INFO: Element not found with locator: ft-auth-sign-in and locator type is: class
08/10/2018 11:51:51 AM - LoginPage - INFO: Cannot click on the element with locator ft-auth-sign-in and locator type: class
08/10/2018 11:51:56 AM - LoginPage - INFO: Element not found with locator: registerEmail and locator type is: id
08/10/2018 11:51:56 AM - LoginPage - INFO: Cannot send data on the element with locator registerEmail and locator type: id
08/10/2018 11:52:02 AM - LoginPage - INFO: Element not found with locator: registerButton and locator type is: id
08/10/2018 11:52:02 AM - LoginPage - INFO: Cannot click on the element with locator registerButton and locator type: id
08/10/2018 11:52:07 AM - LoginPage - INFO: Element not found with locator: loginPassword and locator type is: id
08/10/2018 11:52:07 AM - LoginPage - INFO: Cannot send data on the element with locator loginPassword and locator type: id
08/10/2018 11:52:13 AM - LoginPage - INFO: Element not found with locator: loginButton and locator type is: id
08/10/2018 11:52:13 AM - LoginPage - INFO: Cannot click on the element with locator loginButton and locator type: id
08/10/2018 11:52:15 AM - TestStatus - ERROR: ### VERIFICATION FAILED :: + Title Verification
08/10/2018 11:52:15 AM - TestStatus - ERROR: ### Exception Occurred !!!
