1533772718362	geckodriver	INFO	geckodriver 0.20.1
1533772718374	geckodriver	INFO	Listening on 127.0.0.1:49470
1533772719380	mozrunner::runner	INFO	Running command: "/Applications/Firefox.app/Contents/MacOS/firefox-bin" "-marionette" "-profile" "/var/folders/c3/4mm13p9x6sb8s6nf5jrld7000000gq/T/rust_mozprofile.oJZ0ZHkefqMU"
2018-08-08 16:58:43.154 plugin-container[45652:11662683] *** CFMessagePort: bootstrap_register(): failed 1100 (0x44c) 'Permission denied', port = 0x7a3f, name = 'com.apple.tsm.portname'
See /usr/include/servers/bootstrap_defs.h for the error codes.
2018-08-08 16:58:43.504 plugin-container[45653:11662711] *** CFMessagePort: bootstrap_register(): failed 1100 (0x44c) 'Permission denied', port = 0x793f, name = 'com.apple.tsm.portname'
See /usr/include/servers/bootstrap_defs.h for the error codes.
1533772723729	Marionette	INFO	Listening on port 49492
2018-08-08 16:58:44.108 plugin-container[45655:11662837] *** CFMessagePort: bootstrap_register(): failed 1100 (0x44c) 'Permission denied', port = 0x903f, name = 'com.apple.tsm.portname'
See /usr/include/servers/bootstrap_defs.h for the error codes.
1533772732687	geckodriver	INFO	geckodriver 0.20.1
1533772732693	geckodriver	INFO	Listening on 127.0.0.1:49713
1533772733714	mozrunner::runner	INFO	Running command: "/Applications/Firefox.app/Contents/MacOS/firefox-bin" "-marionette" "-profile" "/var/folders/c3/4mm13p9x6sb8s6nf5jrld7000000gq/T/rust_mozprofile.xSuQBSNTg9bu"
2018-08-08 16:58:54.812 plugin-container[45662:11663400] *** CFMessagePort: bootstrap_register(): failed 1100 (0x44c) 'Permission denied', port = 0x763f, name = 'com.apple.tsm.portname'
See /usr/include/servers/bootstrap_defs.h for the error codes.
2018-08-08 16:58:55.080 plugin-container[45663:11663429] *** CFMessagePort: bootstrap_register(): failed 1100 (0x44c) 'Permission denied', port = 0x783f, name = 'com.apple.tsm.portname'
See /usr/include/servers/bootstrap_defs.h for the error codes.
1533772735266	Marionette	INFO	Listening on port 49736
1533772735284	Marionette	WARN	TLS certificate errors will be ignored for this session
2018-08-08 16:58:56.162 plugin-container[45664:11663563] *** CFMessagePort: bootstrap_register(): failed 1100 (0x44c) 'Permission denied', port = 0x733f, name = 'com.apple.tsm.portname'
See /usr/include/servers/bootstrap_defs.h for the error codes.
JavaScript error: resource://gre/modules/AutoCompletePopup.jsm, line 161: TypeError: Services.focus.focusedWindow is null
JavaScript error: resource://gre/modules/AutoCompletePopup.jsm, line 161: TypeError: Services.focus.focusedWindow is null
*** UTM:SVC TimerManager:registerTimer called after profile-before-change notification. Ignoring timer registration for id: telemetry_modules_ping
1533772831359	geckodriver	INFO	geckodriver 0.20.1
1533772831365	geckodriver	INFO	Listening on 127.0.0.1:51421
1533772832381	mozrunner::runner	INFO	Running command: "/Applications/Firefox.app/Contents/MacOS/firefox-bin" "-marionette" "-profile" "/var/folders/c3/4mm13p9x6sb8s6nf5jrld7000000gq/T/rust_mozprofile.hstPyCKI4GuY"
2018-08-08 17:00:33.570 plugin-container[46178:11667245] *** CFMessagePort: bootstrap_register(): failed 1100 (0x44c) 'Permission denied', port = 0x7a43, name = 'com.apple.tsm.portname'
See /usr/include/servers/bootstrap_defs.h for the error codes.
2018-08-08 17:00:33.814 plugin-container[46179:11667277] *** CFMessagePort: bootstrap_register(): failed 1100 (0x44c) 'Permission denied', port = 0x813f, name = 'com.apple.tsm.portname'
See /usr/include/servers/bootstrap_defs.h for the error codes.
1533772833982	Marionette	INFO	Listening on port 51445
1533772834060	Marionette	WARN	TLS certificate errors will be ignored for this session
2018-08-08 17:00:34.733 plugin-container[46181:11667404] *** CFMessagePort: bootstrap_register(): failed 1100 (0x44c) 'Permission denied', port = 0x853f, name = 'com.apple.tsm.portname'
See /usr/include/servers/bootstrap_defs.h for the error codes.
*** UTM:SVC TimerManager:registerTimer called after profile-before-change notification. Ignoring timer registration for id: telemetry_modules_ping
1533849441289	geckodriver	INFO	geckodriver 0.20.1
1533849441295	geckodriver	INFO	Listening on 127.0.0.1:64166
1533849442322	mozrunner::runner	INFO	Running command: "/Applications/Firefox.app/Contents/MacOS/firefox-bin" "-marionette" "-profile" "/var/folders/c3/4mm13p9x6sb8s6nf5jrld7000000gq/T/rust_mozprofile.5adc77qMIYkZ"
2018-08-09 14:17:23.847 plugin-container[64992:13275438] *** CFMessagePort: bootstrap_register(): failed 1100 (0x44c) 'Permission denied', port = 0x8303, name = 'com.apple.tsm.portname'
See /usr/include/servers/bootstrap_defs.h for the error codes.
2018-08-09 14:17:24.190 plugin-container[64993:13275486] *** CFMessagePort: bootstrap_register(): failed 1100 (0x44c) 'Permission denied', port = 0x753f, name = 'com.apple.tsm.portname'
See /usr/include/servers/bootstrap_defs.h for the error codes.
1533849444425	Marionette	INFO	Listening on port 64185
1533849444545	Marionette	WARN	TLS certificate errors will be ignored for this session
2018-08-09 14:17:24.803 plugin-container[64994:13275697] *** CFMessagePort: bootstrap_register(): failed 1100 (0x44c) 'Permission denied', port = 0x753f, name = 'com.apple.tsm.portname'
See /usr/include/servers/bootstrap_defs.h for the error codes.
*** UTM:SVC TimerManager:registerTimer called after profile-before-change notification. Ignoring timer registration for id: telemetry_modules_ping
2018-08-09 16:19:33.354 plugin-container[69262:13572383] *** CFMessagePort: bootstrap_register(): failed 1100 (0x44c) 'Permission denied', port = 0x7843, name = 'com.apple.tsm.portname'
See /usr/include/servers/bootstrap_defs.h for the error codes.
2018-08-09 22:32:29.849 plugin-container[76852:14474885] *** CFMessagePort: bootstrap_register(): failed 1100 (0x44c) 'Permission denied', port = 0x883b, name = 'com.apple.tsm.portname'
See /usr/include/servers/bootstrap_defs.h for the error codes.
1533923465103	geckodriver	INFO	geckodriver 0.20.1
1533923465108	geckodriver	INFO	Listening on 127.0.0.1:56370
1533923465122	mozrunner::runner	INFO	Running command: "/Applications/Firefox.app/Contents/MacOS/firefox-bin" "-marionette" "-profile" "/var/folders/c3/4mm13p9x6sb8s6nf5jrld7000000gq/T/rust_mozprofile.USBVnr7olfNO"
2018-08-10 10:51:06.628 plugin-container[83280:15213412] *** CFMessagePort: bootstrap_register(): failed 1100 (0x44c) 'Permission denied', port = 0x7e03, name = 'com.apple.tsm.portname'
See /usr/include/servers/bootstrap_defs.h for the error codes.
2018-08-10 10:51:06.863 plugin-container[83281:15213459] *** CFMessagePort: bootstrap_register(): failed 1100 (0x44c) 'Permission denied', port = 0x7d3f, name = 'com.apple.tsm.portname'
See /usr/include/servers/bootstrap_defs.h for the error codes.
1533923467239	Marionette	INFO	Listening on port 56375
1533923467322	Marionette	WARN	TLS certificate errors will be ignored for this session
2018-08-10 10:51:08.118 plugin-container[83282:15213696] *** CFMessagePort: bootstrap_register(): failed 1100 (0x44c) 'Permission denied', port = 0x8743, name = 'com.apple.tsm.portname'
See /usr/include/servers/bootstrap_defs.h for the error codes.
*** UTM:SVC TimerManager:registerTimer called after profile-before-change notification. Ignoring timer registration for id: telemetry_modules_ping
1533923527722	geckodriver	INFO	geckodriver 0.20.1
1533923527727	geckodriver	INFO	Listening on 127.0.0.1:57293
1533923528746	mozrunner::runner	INFO	Running command: "/Applications/Firefox.app/Contents/MacOS/firefox-bin" "-marionette" "-profile" "/var/folders/c3/4mm13p9x6sb8s6nf5jrld7000000gq/T/rust_mozprofile.hUgM6KQVa2Wc"
2018-08-10 10:52:09.940 plugin-container[83303:15218968] *** CFMessagePort: bootstrap_register(): failed 1100 (0x44c) 'Permission denied', port = 0x7903, name = 'com.apple.tsm.portname'
See /usr/include/servers/bootstrap_defs.h for the error codes.
2018-08-10 10:52:10.140 plugin-container[83304:15218999] *** CFMessagePort: bootstrap_register(): failed 1100 (0x44c) 'Permission denied', port = 0x893f, name = 'com.apple.tsm.portname'
See /usr/include/servers/bootstrap_defs.h for the error codes.
1533923530348	Marionette	INFO	Listening on port 57312
1533923530418	Marionette	WARN	TLS certificate errors will be ignored for this session
2018-08-10 10:52:11.089 plugin-container[83306:15219162] *** CFMessagePort: bootstrap_register(): failed 1100 (0x44c) 'Permission denied', port = 0x763b, name = 'com.apple.tsm.portname'
See /usr/include/servers/bootstrap_defs.h for the error codes.
1533925409407	geckodriver	INFO	geckodriver 0.20.1
1533925409413	geckodriver	INFO	Listening on 127.0.0.1:63317
1533925410426	mozrunner::runner	INFO	Running command: "/Applications/Firefox.app/Contents/MacOS/firefox-bin" "-marionette" "-profile" "/var/folders/c3/4mm13p9x6sb8s6nf5jrld7000000gq/T/rust_mozprofile.2gIYPw9XrY9I"
2018-08-10 11:23:31.657 plugin-container[84212:15266346] *** CFMessagePort: bootstrap_register(): failed 1100 (0x44c) 'Permission denied', port = 0x823f, name = 'com.apple.tsm.portname'
See /usr/include/servers/bootstrap_defs.h for the error codes.
2018-08-10 11:23:31.892 plugin-container[84213:15266373] *** CFMessagePort: bootstrap_register(): failed 1100 (0x44c) 'Permission denied', port = 0x7f3b, name = 'com.apple.tsm.portname'
See /usr/include/servers/bootstrap_defs.h for the error codes.
1533925412084	Marionette	INFO	Listening on port 63336
1533925412123	Marionette	WARN	TLS certificate errors will be ignored for this session
2018-08-10 11:23:32.911 plugin-container[84214:15266553] *** CFMessagePort: bootstrap_register(): failed 1100 (0x44c) 'Permission denied', port = 0x7503, name = 'com.apple.tsm.portname'
See /usr/include/servers/bootstrap_defs.h for the error codes.
1533926632891	geckodriver	INFO	geckodriver 0.20.1
1533926632897	geckodriver	INFO	Listening on 127.0.0.1:61557
1533926633919	mozrunner::runner	INFO	Running command: "/Applications/Firefox.app/Contents/MacOS/firefox-bin" "-marionette" "-profile" "/var/folders/c3/4mm13p9x6sb8s6nf5jrld7000000gq/T/rust_mozprofile.C3kK095IadF6"
2018-08-10 11:43:55.173 plugin-container[84433:15295883] *** CFMessagePort: bootstrap_register(): failed 1100 (0x44c) 'Permission denied', port = 0x7a43, name = 'com.apple.tsm.portname'
See /usr/include/servers/bootstrap_defs.h for the error codes.
2018-08-10 11:43:55.402 plugin-container[84434:15295909] *** CFMessagePort: bootstrap_register(): failed 1100 (0x44c) 'Permission denied', port = 0x793b, name = 'com.apple.tsm.portname'
See /usr/include/servers/bootstrap_defs.h for the error codes.
1533926635592	Marionette	INFO	Listening on port 61576
1533926635684	Marionette	WARN	TLS certificate errors will be ignored for this session
2018-08-10 11:43:56.536 plugin-container[84435:15296031] *** CFMessagePort: bootstrap_register(): failed 1100 (0x44c) 'Permission denied', port = 0x833f, name = 'com.apple.tsm.portname'
See /usr/include/servers/bootstrap_defs.h for the error codes.
1533926823476	geckodriver	INFO	geckodriver 0.20.1
1533926823482	geckodriver	INFO	Listening on 127.0.0.1:63956
1533926824500	mozrunner::runner	INFO	Running command: "/Applications/Firefox.app/Contents/MacOS/firefox-bin" "-marionette" "-profile" "/var/folders/c3/4mm13p9x6sb8s6nf5jrld7000000gq/T/rust_mozprofile.cB0ALk258elG"
2018-08-10 11:47:05.705 plugin-container[84483:15300507] *** CFMessagePort: bootstrap_register(): failed 1100 (0x44c) 'Permission denied', port = 0x803f, name = 'com.apple.tsm.portname'
See /usr/include/servers/bootstrap_defs.h for the error codes.
2018-08-10 11:47:05.908 plugin-container[84484:15300535] *** CFMessagePort: bootstrap_register(): failed 1100 (0x44c) 'Permission denied', port = 0x803f, name = 'com.apple.tsm.portname'
See /usr/include/servers/bootstrap_defs.h for the error codes.
1533926826110	Marionette	INFO	Listening on port 63975
1533926826249	Marionette	WARN	TLS certificate errors will be ignored for this session
2018-08-10 11:47:06.997 plugin-container[84485:15300665] *** CFMessagePort: bootstrap_register(): failed 1100 (0x44c) 'Permission denied', port = 0x8c03, name = 'com.apple.tsm.portname'
See /usr/include/servers/bootstrap_defs.h for the error codes.
1533927053141	geckodriver	INFO	geckodriver 0.20.1
1533927053147	geckodriver	INFO	Listening on 127.0.0.1:50475
1533927054166	mozrunner::runner	INFO	Running command: "/Applications/Firefox.app/Contents/MacOS/firefox-bin" "-marionette" "-profile" "/var/folders/c3/4mm13p9x6sb8s6nf5jrld7000000gq/T/rust_mozprofile.W9lf2fzvWr87"
2018-08-10 11:50:55.374 plugin-container[84717:15307905] *** CFMessagePort: bootstrap_register(): failed 1100 (0x44c) 'Permission denied', port = 0x7b03, name = 'com.apple.tsm.portname'
See /usr/include/servers/bootstrap_defs.h for the error codes.
2018-08-10 11:50:55.602 plugin-container[84718:15307933] *** CFMessagePort: bootstrap_register(): failed 1100 (0x44c) 'Permission denied', port = 0x7503, name = 'com.apple.tsm.portname'
See /usr/include/servers/bootstrap_defs.h for the error codes.
1533927055793	Marionette	INFO	Listening on port 50494
1533927055841	Marionette	WARN	TLS certificate errors will be ignored for this session
2018-08-10 11:50:56.513 plugin-container[84719:15308057] *** CFMessagePort: bootstrap_register(): failed 1100 (0x44c) 'Permission denied', port = 0x8843, name = 'com.apple.tsm.portname'
See /usr/include/servers/bootstrap_defs.h for the error codes.
